<?xml version="1.0" encoding="UTF-8"?>
<testsuite name="LoadDataTest" tests="4" skipped="0" failures="0" errors="0" timestamp="2022-09-23T03:14:23" hostname="vlan-2645-10-19-113-101.student.wireless.sydney.edu.au" time="0.017">
  <properties/>
  <testcase name="getCurrencies()" classname="LoadDataTest" time="0.001"/>
  <testcase name="saveNewCurrencyTest()" classname="LoadDataTest" time="0.003"/>
  <testcase name="getPopCurrencies()" classname="LoadDataTest" time="0.001"/>
  <testcase name="saveNewExchangeRateTest()" classname="LoadDataTest" time="0.01"/>
  <system-out><![CDATA[]]></system-out>
  <system-err><![CDATA[]]></system-err>
</testsuite>
